Reason: limit reached
Count Seen: 10000000000
Count Taken: 6719866779
Count Correct: 8702820097
Count Replaced: 772243606
BTB entry: 0;1;7810557
BTB entry: 1;1;9
BTB entry: 2;1;54
BTB entry: 3;1;41316
BTB entry: 4;1;159423
BTB entry: 5;1;9934829
BTB entry: 6;1;12
BTB entry: 7;1;10
BTB entry: 8;1;197
BTB entry: 9;1;5
BTB entry: 10;1;6
BTB entry: 11;1;33
BTB entry: 12;1;66
BTB entry: 13;1;6
BTB entry: 14;1;154
BTB entry: 15;1;4
BTB entry: 16;1;705179
BTB entry: 17;1;2
BTB entry: 18;1;1708943
BTB entry: 19;1;11
BTB entry: 20;1;71
BTB entry: 21;1;69
BTB entry: 22;1;29
BTB entry: 23;1;22
BTB entry: 24;1;51191
BTB entry: 25;1;2
BTB entry: 26;1;269273
BTB entry: 27;1;65
BTB entry: 28;1;5
BTB entry: 29;1;529
BTB entry: 30;1;339
BTB entry: 31;1;3
BTB entry: 32;1;81
BTB entry: 33;1;142418
BTB entry: 34;1;70
BTB entry: 35;1;62
BTB entry: 36;1;25
BTB entry: 37;1;7
BTB entry: 38;1;6
BTB entry: 39;1;7
BTB entry: 40;1;54
BTB entry: 41;1;3
BTB entry: 42;1;4
BTB entry: 43;1;99
BTB entry: 44;1;364
BTB entry: 45;1;859
BTB entry: 46;1;2
BTB entry: 47;1;201
BTB entry: 48;1;1105
BTB entry: 49;1;3992261
BTB entry: 50;1;1123
BTB entry: 51;1;97
BTB entry: 52;1;82
BTB entry: 53;1;50
BTB entry: 54;1;65
BTB entry: 55;1;66
BTB entry: 56;1;1410329
BTB entry: 57;1;412
BTB entry: 58;1;212
BTB entry: 59;1;2
BTB entry: 60;1;7
BTB entry: 61;1;653455
BTB entry: 62;1;1822928
BTB entry: 63;1;10
BTB entry: 64;1;247
BTB entry: 65;1;8931383
BTB entry: 66;1;1339
BTB entry: 67;1;14
BTB entry: 68;1;128
BTB entry: 69;1;3406569
BTB entry: 70;1;112
BTB entry: 71;1;487
BTB entry: 72;1;66
BTB entry: 73;1;594344
BTB entry: 74;1;4433
BTB entry: 75;1;1
BTB entry: 76;1;63
BTB entry: 77;1;5
BTB entry: 78;1;330905
BTB entry: 79;1;4
BTB entry: 80;1;1379
BTB entry: 81;1;5
BTB entry: 82;1;5
BTB entry: 83;1;8
BTB entry: 84;1;116
BTB entry: 85;1;2
BTB entry: 86;1;67
BTB entry: 87;1;213
BTB entry: 88;1;342
BTB entry: 89;1;79
BTB entry: 90;1;11
BTB entry: 91;1;3401487
BTB entry: 92;1;505
BTB entry: 93;1;56546
BTB entry: 94;1;201
BTB entry: 95;1;1211
BTB entry: 96;1;272
BTB entry: 97;1;176
BTB entry: 98;1;6
BTB entry: 99;1;8
BTB entry: 100;1;235857
BTB entry: 101;1;3
BTB entry: 102;1;70
BTB entry: 103;1;2
BTB entry: 104;1;17
BTB entry: 105;1;653011
BTB entry: 106;1;255
BTB entry: 107;1;6
BTB entry: 108;1;964
BTB entry: 109;1;301
BTB entry: 110;1;6
BTB entry: 111;1;5
BTB entry: 112;1;4
BTB entry: 113;1;56449
BTB entry: 114;1;625
BTB entry: 115;1;522
BTB entry: 116;1;5
BTB entry: 117;1;5
BTB entry: 118;1;829
BTB entry: 119;1;58770
BTB entry: 120;1;6
BTB entry: 121;1;70
BTB entry: 122;1;472
BTB entry: 123;1;4
BTB entry: 124;1;88
BTB entry: 125;1;5
BTB entry: 126;1;6
BTB entry: 127;1;2258
BTB entry: 128;1;5
BTB entry: 129;1;56416
BTB entry: 130;1;7598
BTB entry: 131;1;49055
BTB entry: 132;1;175
BTB entry: 133;1;28928845
BTB entry: 134;1;96489
BTB entry: 135;1;774
BTB entry: 136;1;5513
BTB entry: 137;1;41
BTB entry: 138;1;12
BTB entry: 139;1;249402
BTB entry: 140;1;3
BTB entry: 141;1;58976
BTB entry: 142;1;10
BTB entry: 143;1;4
BTB entry: 144;1;170739
BTB entry: 145;1;4
BTB entry: 146;1;20
BTB entry: 147;1;190
BTB entry: 148;1;120
BTB entry: 149;1;3974344
BTB entry: 150;1;39538
BTB entry: 151;1;4
BTB entry: 152;1;78
BTB entry: 153;1;326311
BTB entry: 154;1;1002
BTB entry: 155;1;589789
BTB entry: 156;1;82
BTB entry: 157;1;8
BTB entry: 158;1;3
BTB entry: 159;1;2837
BTB entry: 160;1;807078
BTB entry: 161;1;81
BTB entry: 162;1;236
BTB entry: 163;1;261180
BTB entry: 164;1;11
BTB entry: 165;1;103
BTB entry: 166;1;142
BTB entry: 167;1;10
BTB entry: 168;1;2215
BTB entry: 169;1;34
BTB entry: 170;1;79
BTB entry: 171;1;70
BTB entry: 172;1;618043
BTB entry: 173;1;2751741
BTB entry: 174;1;13685
BTB entry: 175;1;385385
BTB entry: 176;1;61
BTB entry: 177;1;3
BTB entry: 178;1;4
BTB entry: 179;1;79
BTB entry: 180;1;88
BTB entry: 181;1;54624
BTB entry: 182;1;7
BTB entry: 183;1;6
BTB entry: 184;1;69
BTB entry: 185;1;5
BTB entry: 186;1;82214
BTB entry: 187;1;180
BTB entry: 188;1;15
BTB entry: 189;1;6
BTB entry: 190;1;140174
BTB entry: 191;1;6
BTB entry: 192;1;290660
BTB entry: 193;1;506
BTB entry: 194;1;5
BTB entry: 195;1;5
BTB entry: 196;1;4
BTB entry: 197;1;6
BTB entry: 198;1;32
BTB entry: 199;1;13315151
BTB entry: 200;1;41239
BTB entry: 201;1;6
BTB entry: 202;1;325
BTB entry: 203;1;479
BTB entry: 204;1;2400570
BTB entry: 205;1;992
BTB entry: 206;1;615
BTB entry: 207;1;274938
BTB entry: 208;1;55405
BTB entry: 209;1;2103594
BTB entry: 210;1;364
BTB entry: 211;1;6635308
BTB entry: 212;1;681713
BTB entry: 213;1;3993
BTB entry: 214;1;14
BTB entry: 215;1;4
BTB entry: 216;1;11
BTB entry: 217;1;6634851
BTB entry: 218;1;1512
BTB entry: 219;1;11
BTB entry: 220;1;2326
BTB entry: 221;1;19820587
BTB entry: 222;1;26
BTB entry: 223;1;17
BTB entry: 224;1;54457
BTB entry: 225;1;41180
BTB entry: 226;1;65
BTB entry: 227;1;3
BTB entry: 228;1;13
BTB entry: 229;1;294
BTB entry: 230;1;1744654
BTB entry: 231;1;14
BTB entry: 232;1;11
BTB entry: 233;1;112
BTB entry: 234;1;254
BTB entry: 235;1;84211
BTB entry: 236;1;58987
BTB entry: 237;1;328438
BTB entry: 238;1;8
BTB entry: 239;1;317
BTB entry: 240;1;5
BTB entry: 241;1;140
BTB entry: 242;1;783
BTB entry: 243;1;557291
BTB entry: 244;1;2
BTB entry: 245;1;1
BTB entry: 246;1;66
BTB entry: 247;1;9934970
BTB entry: 248;1;41147
BTB entry: 249;1;62
BTB entry: 250;1;56
BTB entry: 251;1;26
BTB entry: 252;1;9
BTB entry: 253;1;0
BTB entry: 254;1;793
BTB entry: 255;1;495
BTB entry: 256;1;350
BTB entry: 257;1;119
BTB entry: 258;1;97006
BTB entry: 259;1;40122
BTB entry: 260;1;58
BTB entry: 261;1;6
BTB entry: 262;1;74
BTB entry: 263;1;325692
BTB entry: 264;1;1164
BTB entry: 265;1;3
BTB entry: 266;1;51
BTB entry: 267;1;638866
BTB entry: 268;1;69
BTB entry: 269;1;5
BTB entry: 270;1;10
BTB entry: 271;1;283
BTB entry: 272;1;142651
BTB entry: 273;1;124
BTB entry: 274;1;95
BTB entry: 275;1;548
BTB entry: 276;1;54854
BTB entry: 277;1;7
BTB entry: 278;1;66
BTB entry: 279;1;56843
BTB entry: 280;1;581
BTB entry: 281;1;103
BTB entry: 282;1;121
BTB entry: 283;1;16200
BTB entry: 284;1;261
BTB entry: 285;1;62
BTB entry: 286;1;477
BTB entry: 287;1;3
BTB entry: 288;1;4
BTB entry: 289;1;14720
BTB entry: 290;1;4
BTB entry: 291;1;701306
BTB entry: 292;1;144
BTB entry: 293;1;1
BTB entry: 294;1;1378278
BTB entry: 295;1;56417
BTB entry: 296;1;381
BTB entry: 297;1;138
BTB entry: 298;1;6
BTB entry: 299;1;27
BTB entry: 300;1;5
BTB entry: 301;1;538610
BTB entry: 302;1;135
BTB entry: 303;1;65
BTB entry: 304;1;1269
BTB entry: 305;1;115
BTB entry: 306;1;941189
BTB entry: 307;1;173
BTB entry: 308;1;20
BTB entry: 309;1;31646
BTB entry: 310;1;4956
BTB entry: 311;1;68
BTB entry: 312;1;597
BTB entry: 313;1;1
BTB entry: 314;1;59
BTB entry: 315;1;5
BTB entry: 316;1;16189138
BTB entry: 317;1;6
BTB entry: 318;1;4135
BTB entry: 319;1;5
BTB entry: 320;1;7
BTB entry: 321;1;7
BTB entry: 322;1;10416470
BTB entry: 323;1;9
BTB entry: 324;1;22
BTB entry: 325;1;200
BTB entry: 326;1;142
BTB entry: 327;1;12586
BTB entry: 328;1;103
BTB entry: 329;1;70
BTB entry: 330;1;72
BTB entry: 331;1;121
BTB entry: 332;1;16
BTB entry: 333;1;4
BTB entry: 334;1;72
BTB entry: 335;1;330
BTB entry: 336;1;951019
BTB entry: 337;1;163
BTB entry: 338;1;12
BTB entry: 339;1;5
BTB entry: 340;1;82
BTB entry: 341;1;36
BTB entry: 342;1;26
BTB entry: 343;1;38688623
BTB entry: 344;1;65
BTB entry: 345;1;8
BTB entry: 346;1;24
BTB entry: 347;1;16
BTB entry: 348;1;3973
BTB entry: 349;1;447846
BTB entry: 350;1;1573
BTB entry: 351;1;85
BTB entry: 352;1;11330
BTB entry: 353;1;6
BTB entry: 354;1;1277
BTB entry: 355;1;3212
BTB entry: 356;1;949
BTB entry: 357;1;288808
BTB entry: 358;1;18696139
BTB entry: 359;1;5
BTB entry: 360;1;140064
BTB entry: 361;1;5
BTB entry: 362;1;225137
BTB entry: 363;1;133916
BTB entry: 364;1;4
BTB entry: 365;1;130497
BTB entry: 366;1;65
BTB entry: 367;1;9557329
BTB entry: 368;1;37587
BTB entry: 369;1;1155
BTB entry: 370;1;42807
BTB entry: 371;1;356
BTB entry: 372;1;5
BTB entry: 373;1;6
BTB entry: 374;1;423493
BTB entry: 375;1;248
BTB entry: 376;1;4961786
BTB entry: 377;1;77
BTB entry: 378;1;3
BTB entry: 379;1;562343
BTB entry: 380;1;8
BTB entry: 381;1;45
BTB entry: 382;1;1483
BTB entry: 383;1;4
BTB entry: 384;1;1737376
BTB entry: 385;1;66
BTB entry: 386;1;198395
BTB entry: 387;1;82
BTB entry: 388;1;65
BTB entry: 389;1;6
BTB entry: 390;1;13
BTB entry: 391;1;155
BTB entry: 392;1;66411
BTB entry: 393;1;7826968
BTB entry: 394;1;253
BTB entry: 395;1;90
BTB entry: 396;1;8
BTB entry: 397;1;1
BTB entry: 398;1;150
BTB entry: 399;1;208531
BTB entry: 400;1;17012520
BTB entry: 401;1;130945
BTB entry: 402;1;802
BTB entry: 403;1;4
BTB entry: 404;1;422136
BTB entry: 405;1;133894
BTB entry: 406;1;8
BTB entry: 407;1;14
BTB entry: 408;1;8
BTB entry: 409;1;2044817
BTB entry: 410;1;5469
BTB entry: 411;1;131
BTB entry: 412;1;8868125
BTB entry: 413;1;4
BTB entry: 414;1;6
BTB entry: 415;1;4
BTB entry: 416;1;2396568
BTB entry: 417;1;354
BTB entry: 418;1;5
BTB entry: 419;1;4
BTB entry: 420;1;24023066
BTB entry: 421;1;8
BTB entry: 422;1;2
BTB entry: 423;1;12302965
BTB entry: 424;1;9
BTB entry: 425;1;68
BTB entry: 426;1;16
BTB entry: 427;1;5
BTB entry: 428;1;659237
BTB entry: 429;1;59677
BTB entry: 430;1;337
BTB entry: 431;1;77
BTB entry: 432;1;146697
BTB entry: 433;1;66
BTB entry: 434;1;9
BTB entry: 435;1;10326303
BTB entry: 436;1;3419
BTB entry: 437;1;6
BTB entry: 438;1;132
BTB entry: 439;1;61994
BTB entry: 440;1;326836
BTB entry: 441;1;9
BTB entry: 442;1;58974
BTB entry: 443;1;56177
BTB entry: 444;1;690
BTB entry: 445;1;5446104
BTB entry: 446;1;325596
BTB entry: 447;1;8
BTB entry: 448;1;103
BTB entry: 449;1;21484612
BTB entry: 450;1;506
BTB entry: 451;1;56
BTB entry: 452;1;115
BTB entry: 453;1;4
BTB entry: 454;1;90
BTB entry: 455;1;102
BTB entry: 456;1;7
BTB entry: 457;1;300
BTB entry: 458;1;13356
BTB entry: 459;1;51727
BTB entry: 460;1;50
BTB entry: 461;1;1208368
BTB entry: 462;1;273
BTB entry: 463;1;95
BTB entry: 464;1;59413
BTB entry: 465;1;67
BTB entry: 466;1;270184
BTB entry: 467;1;1153
BTB entry: 468;1;6
BTB entry: 469;1;65766
BTB entry: 470;1;111
BTB entry: 471;1;6
BTB entry: 472;1;5
BTB entry: 473;1;1097
BTB entry: 474;1;5
BTB entry: 475;1;16
BTB entry: 476;1;256
BTB entry: 477;1;36
BTB entry: 478;1;241148
BTB entry: 479;1;60
BTB entry: 480;1;110809
BTB entry: 481;1;2
BTB entry: 482;1;158
BTB entry: 483;1;144
BTB entry: 484;1;71
BTB entry: 485;1;2
BTB entry: 486;1;10
BTB entry: 487;1;17177
BTB entry: 488;1;325751
BTB entry: 489;1;255
BTB entry: 490;1;432
BTB entry: 491;1;4
BTB entry: 492;1;4
BTB entry: 493;1;17978885
BTB entry: 494;1;8
BTB entry: 495;1;93
BTB entry: 496;1;8
BTB entry: 497;1;7
BTB entry: 498;1;42
BTB entry: 499;1;51821
BTB entry: 500;1;5892085
BTB entry: 501;1;8
BTB entry: 502;1;8
BTB entry: 503;1;116
BTB entry: 504;1;8
BTB entry: 505;1;13089425
BTB entry: 506;1;21
BTB entry: 507;1;10
BTB entry: 508;1;1468796
BTB entry: 509;1;2
BTB entry: 510;1;13211629
BTB entry: 511;1;5
BTB entry: 512;1;1570
BTB entry: 513;1;3548873
BTB entry: 514;1;7
BTB entry: 515;1;119
BTB entry: 516;1;20
BTB entry: 517;1;27876
BTB entry: 518;1;1103
BTB entry: 519;1;58004
BTB entry: 520;1;144
BTB entry: 521;1;40471
BTB entry: 522;1;61773
BTB entry: 523;1;2244291
BTB entry: 524;1;23441691
BTB entry: 525;1;148640
BTB entry: 526;1;111
BTB entry: 527;1;5
BTB entry: 528;1;950647
BTB entry: 529;1;53
BTB entry: 530;1;7
BTB entry: 531;1;4816
BTB entry: 532;1;326078
BTB entry: 533;1;318265
BTB entry: 534;1;279
BTB entry: 535;1;42044
BTB entry: 536;1;217642
BTB entry: 537;1;6
BTB entry: 538;1;9
BTB entry: 539;1;20
BTB entry: 540;1;42551
BTB entry: 541;1;4
BTB entry: 542;1;31
BTB entry: 543;1;677492
BTB entry: 544;1;242034
BTB entry: 545;1;4
BTB entry: 546;1;236
BTB entry: 547;1;191497
BTB entry: 548;1;151
BTB entry: 549;1;10
BTB entry: 550;1;132
BTB entry: 551;1;182489
BTB entry: 552;1;8011779
BTB entry: 553;1;4
BTB entry: 554;1;167540
BTB entry: 555;1;120
BTB entry: 556;1;111
BTB entry: 557;1;9014726
BTB entry: 558;1;222
BTB entry: 559;1;642
BTB entry: 560;1;2372
BTB entry: 561;1;2079059
BTB entry: 562;1;274
BTB entry: 563;1;21
BTB entry: 564;1;7
BTB entry: 565;1;897487
BTB entry: 566;1;53
BTB entry: 567;1;112
BTB entry: 568;1;55
BTB entry: 569;1;7
BTB entry: 570;1;10
BTB entry: 571;1;3
BTB entry: 572;1;20
BTB entry: 573;1;69
BTB entry: 574;1;3
BTB entry: 575;1;6
BTB entry: 576;1;211248
BTB entry: 577;1;313685
BTB entry: 578;1;568203
BTB entry: 579;1;15
BTB entry: 580;1;128
BTB entry: 581;1;146675
BTB entry: 582;1;123
BTB entry: 583;1;85913
BTB entry: 584;1;517
BTB entry: 585;1;491
BTB entry: 586;1;7
BTB entry: 587;1;22
BTB entry: 588;1;155
BTB entry: 589;1;5
BTB entry: 590;1;347
BTB entry: 591;1;3
BTB entry: 592;1;117
BTB entry: 593;1;391613
BTB entry: 594;1;739355
BTB entry: 595;1;4
BTB entry: 596;1;3
BTB entry: 597;1;3
BTB entry: 598;1;409
BTB entry: 599;1;6
BTB entry: 600;1;234
BTB entry: 601;1;134
BTB entry: 602;1;153
BTB entry: 603;1;2474
BTB entry: 604;1;359926
BTB entry: 605;1;3
BTB entry: 606;1;71
BTB entry: 607;1;6
BTB entry: 608;1;97
BTB entry: 609;1;793479
BTB entry: 610;1;7
BTB entry: 611;1;53
BTB entry: 612;1;117
BTB entry: 613;1;83
BTB entry: 614;1;1275283
BTB entry: 615;1;66
BTB entry: 616;1;344
BTB entry: 617;1;55
BTB entry: 618;1;433782
BTB entry: 619;1;85891
BTB entry: 620;1;110844
BTB entry: 621;1;2
BTB entry: 622;1;4
BTB entry: 623;1;185
BTB entry: 624;1;57816
BTB entry: 625;1;6
BTB entry: 626;1;2600
BTB entry: 627;1;42109
BTB entry: 628;1;60
BTB entry: 629;1;19
BTB entry: 630;1;1
BTB entry: 631;1;4571
BTB entry: 632;1;4
BTB entry: 633;1;3
BTB entry: 634;1;4
BTB entry: 635;1;5
BTB entry: 636;1;670865
BTB entry: 637;1;63
BTB entry: 638;1;5
BTB entry: 639;1;2798904
BTB entry: 640;1;13
BTB entry: 641;1;67
BTB entry: 642;1;126
BTB entry: 643;1;13613117
BTB entry: 644;1;1600
BTB entry: 645;1;19
BTB entry: 646;1;468
BTB entry: 647;1;81
BTB entry: 648;1;257
BTB entry: 649;1;1143
BTB entry: 650;1;775415
BTB entry: 651;1;74
BTB entry: 652;1;59066
BTB entry: 653;1;4053398
BTB entry: 654;1;8826997
BTB entry: 655;1;109696
BTB entry: 656;1;254
BTB entry: 657;1;21
BTB entry: 658;1;2741497
BTB entry: 659;1;1270427
BTB entry: 660;1;9
BTB entry: 661;1;152
BTB entry: 662;1;585903
BTB entry: 663;1;41970
BTB entry: 664;1;6473037
BTB entry: 665;1;2232418
BTB entry: 666;1;542
BTB entry: 667;1;19140
BTB entry: 668;1;292001
BTB entry: 669;1;3
BTB entry: 670;1;30994
BTB entry: 671;1;2
BTB entry: 672;1;7
BTB entry: 673;1;5689901
BTB entry: 674;1;1
BTB entry: 675;1;6
BTB entry: 676;1;11
BTB entry: 677;1;82
BTB entry: 678;1;1300397
BTB entry: 679;1;5
BTB entry: 680;1;13081984
BTB entry: 681;1;73
BTB entry: 682;1;19371843
BTB entry: 683;1;36817
BTB entry: 684;1;5
BTB entry: 685;1;22
BTB entry: 686;1;571
BTB entry: 687;1;23577404
BTB entry: 688;1;3
BTB entry: 689;1;6325739
BTB entry: 690;1;416768
BTB entry: 691;1;129
BTB entry: 692;1;66
BTB entry: 693;1;24
BTB entry: 694;1;286638
BTB entry: 695;1;4
BTB entry: 696;1;81
BTB entry: 697;1;4
BTB entry: 698;1;128
BTB entry: 699;1;6
BTB entry: 700;1;5
BTB entry: 701;1;22
BTB entry: 702;1;52983
BTB entry: 703;1;7
BTB entry: 704;1;929182
BTB entry: 705;1;249
BTB entry: 706;1;1130
BTB entry: 707;1;56
BTB entry: 708;1;75108
BTB entry: 709;1;16
BTB entry: 710;1;52
BTB entry: 711;1;48
BTB entry: 712;1;43
BTB entry: 713;1;100
BTB entry: 714;1;2
BTB entry: 715;1;5
BTB entry: 716;1;4
BTB entry: 717;1;114028
BTB entry: 718;1;8
BTB entry: 719;1;1306531
BTB entry: 720;1;125182
BTB entry: 721;1;56423
BTB entry: 722;1;6
BTB entry: 723;1;7
BTB entry: 724;1;10
BTB entry: 725;1;56669
BTB entry: 726;1;2
BTB entry: 727;1;1099881
BTB entry: 728;1;505
BTB entry: 729;1;97
BTB entry: 730;1;327063
BTB entry: 731;1;45
BTB entry: 732;1;64
BTB entry: 733;1;3
BTB entry: 734;1;325242
BTB entry: 735;1;140
BTB entry: 736;1;15
BTB entry: 737;1;22
BTB entry: 738;1;112
BTB entry: 739;1;75
BTB entry: 740;1;175488
BTB entry: 741;1;236487
BTB entry: 742;1;3
BTB entry: 743;1;2
BTB entry: 744;1;315070
BTB entry: 745;1;592943
BTB entry: 746;1;325089
BTB entry: 747;1;55
BTB entry: 748;1;6
BTB entry: 749;1;16
BTB entry: 750;1;3
BTB entry: 751;1;60
BTB entry: 752;1;200
BTB entry: 753;1;295426
BTB entry: 754;1;10
BTB entry: 755;1;12
BTB entry: 756;1;424254
BTB entry: 757;1;69
BTB entry: 758;1;11
BTB entry: 759;1;2
BTB entry: 760;1;315110
BTB entry: 761;1;2062434
BTB entry: 762;1;662319
BTB entry: 763;1;59694
BTB entry: 764;1;48
BTB entry: 765;1;18
BTB entry: 766;1;2695163
BTB entry: 767;1;17
BTB entry: 768;1;331326
BTB entry: 769;1;434118
BTB entry: 770;1;68
BTB entry: 771;1;993
BTB entry: 772;1;7042
BTB entry: 773;1;7
BTB entry: 774;1;9125932
BTB entry: 775;1;326261
BTB entry: 776;1;7
BTB entry: 777;1;5
BTB entry: 778;1;9
BTB entry: 779;1;21
BTB entry: 780;1;7916880
BTB entry: 781;1;78
BTB entry: 782;1;6
BTB entry: 783;1;3
BTB entry: 784;1;101787
BTB entry: 785;1;670691
BTB entry: 786;1;125182
BTB entry: 787;1;14
BTB entry: 788;1;56477
BTB entry: 789;1;93
BTB entry: 790;1;54
BTB entry: 791;1;11
BTB entry: 792;1;5
BTB entry: 793;1;2
BTB entry: 794;1;18
BTB entry: 795;1;6
BTB entry: 796;1;69
BTB entry: 797;1;90
BTB entry: 798;1;110
BTB entry: 799;1;92
BTB entry: 800;1;85
BTB entry: 801;1;8
BTB entry: 802;1;68
BTB entry: 803;1;708256
BTB entry: 804;1;64
BTB entry: 805;1;7
BTB entry: 806;1;7728
BTB entry: 807;1;5835255
BTB entry: 808;1;300
BTB entry: 809;1;8026038
BTB entry: 810;1;384887
BTB entry: 811;1;78
BTB entry: 812;1;25
BTB entry: 813;1;8028
BTB entry: 814;1;20
BTB entry: 815;1;43469
BTB entry: 816;1;198
BTB entry: 817;1;255
BTB entry: 818;1;113745
BTB entry: 819;1;156
BTB entry: 820;1;405167
BTB entry: 821;1;161
BTB entry: 822;1;987093
BTB entry: 823;1;125221
BTB entry: 824;1;13
BTB entry: 825;1;7
BTB entry: 826;1;3
BTB entry: 827;1;7
BTB entry: 828;1;99
BTB entry: 829;1;325692
BTB entry: 830;1;10
BTB entry: 831;1;20
BTB entry: 832;1;462
BTB entry: 833;1;126661
BTB entry: 834;1;115095
BTB entry: 835;1;263
BTB entry: 836;1;70
BTB entry: 837;1;6
BTB entry: 838;1;2414
BTB entry: 839;1;6
BTB entry: 840;1;431
BTB entry: 841;1;386069
BTB entry: 842;1;7
BTB entry: 843;1;6
BTB entry: 844;1;9
BTB entry: 845;1;1691
BTB entry: 846;1;9
BTB entry: 847;1;16
BTB entry: 848;1;7
BTB entry: 849;1;5
BTB entry: 850;1;15
BTB entry: 851;1;112095
BTB entry: 852;1;12
BTB entry: 853;1;656560
BTB entry: 854;1;125120
BTB entry: 855;1;4
BTB entry: 856;1;14
BTB entry: 857;1;7
BTB entry: 858;1;42
BTB entry: 859;1;59
BTB entry: 860;1;4
BTB entry: 861;1;2
BTB entry: 862;1;13347762
BTB entry: 863;1;6
BTB entry: 864;1;256558
BTB entry: 865;1;90
BTB entry: 866;1;3
BTB entry: 867;1;13
BTB entry: 868;1;1468
BTB entry: 869;1;435375
BTB entry: 870;1;320089
BTB entry: 871;1;385420
BTB entry: 872;1;737
BTB entry: 873;1;290973
BTB entry: 874;1;30
BTB entry: 875;1;22061
BTB entry: 876;1;112591
BTB entry: 877;1;6
BTB entry: 878;1;7
BTB entry: 879;1;182
BTB entry: 880;1;7
BTB entry: 881;1;292
BTB entry: 882;1;156
BTB entry: 883;1;6
BTB entry: 884;1;202
BTB entry: 885;1;103189
BTB entry: 886;1;80
BTB entry: 887;1;67
BTB entry: 888;1;1169
BTB entry: 889;1;8
BTB entry: 890;1;269758
BTB entry: 891;1;941374
BTB entry: 892;1;9
BTB entry: 893;1;14959370
BTB entry: 894;1;3
BTB entry: 895;1;4
BTB entry: 896;1;15
BTB entry: 897;1;296382
BTB entry: 898;1;5
BTB entry: 899;1;2
BTB entry: 900;1;5
BTB entry: 901;1;133
BTB entry: 902;1;78
BTB entry: 903;1;265987
BTB entry: 904;1;5
BTB entry: 905;1;42481
BTB entry: 906;1;954600
BTB entry: 907;1;4
BTB entry: 908;1;299505
BTB entry: 909;1;53852
BTB entry: 910;1;65
BTB entry: 911;1;7
BTB entry: 912;1;8
BTB entry: 913;1;141
BTB entry: 914;1;12
BTB entry: 915;1;387504
BTB entry: 916;1;13
BTB entry: 917;1;3
BTB entry: 918;1;22
BTB entry: 919;1;4
BTB entry: 920;1;26978838
BTB entry: 921;1;96
BTB entry: 922;1;113
BTB entry: 923;1;101401
BTB entry: 924;1;407071
BTB entry: 925;1;1086
BTB entry: 926;1;2370821
BTB entry: 927;1;17
BTB entry: 928;1;6160700
BTB entry: 929;1;129
BTB entry: 930;1;2596
BTB entry: 931;1;128
BTB entry: 932;1;249
BTB entry: 933;1;5
BTB entry: 934;1;328637
BTB entry: 935;1;328315
BTB entry: 936;1;105
BTB entry: 937;1;306120
BTB entry: 938;1;255
BTB entry: 939;1;131
BTB entry: 940;1;7
BTB entry: 941;1;3
BTB entry: 942;1;67
BTB entry: 943;1;328513
BTB entry: 944;1;79
BTB entry: 945;1;2
BTB entry: 946;1;5
BTB entry: 947;1;120953
BTB entry: 948;1;353939
BTB entry: 949;1;8
BTB entry: 950;1;328317
BTB entry: 951;1;63
BTB entry: 952;1;2255746
BTB entry: 953;1;57208
BTB entry: 954;1;80
BTB entry: 955;1;4
BTB entry: 956;1;33567
BTB entry: 957;1;109692
BTB entry: 958;1;60
BTB entry: 959;1;6763971
BTB entry: 960;1;140
BTB entry: 961;1;48
BTB entry: 962;1;843042
BTB entry: 963;1;162
BTB entry: 964;1;11
BTB entry: 965;1;56492
BTB entry: 966;1;318744
BTB entry: 967;1;129640
BTB entry: 968;1;93
BTB entry: 969;1;2
BTB entry: 970;1;855474
BTB entry: 971;1;93
BTB entry: 972;1;325843
BTB entry: 973;1;54448
BTB entry: 974;1;272104
BTB entry: 975;1;277
BTB entry: 976;1;120
BTB entry: 977;1;66
BTB entry: 978;1;7
BTB entry: 979;1;182242
BTB entry: 980;1;203
BTB entry: 981;1;69
BTB entry: 982;1;5
BTB entry: 983;1;102247
BTB entry: 984;1;993407
BTB entry: 985;1;1742385
BTB entry: 986;1;323
BTB entry: 987;1;9
BTB entry: 988;1;2734159
BTB entry: 989;1;15
BTB entry: 990;1;155
BTB entry: 991;1;13
BTB entry: 992;1;953217
BTB entry: 993;1;416780
BTB entry: 994;1;240
BTB entry: 995;1;68
BTB entry: 996;1;585978
BTB entry: 997;1;9
BTB entry: 998;1;1287798
BTB entry: 999;1;161
BTB entry: 1000;1;1693963
BTB entry: 1001;1;82
BTB entry: 1002;1;53688
BTB entry: 1003;1;7546733
BTB entry: 1004;1;653569
BTB entry: 1005;1;338
BTB entry: 1006;1;67
BTB entry: 1007;1;7
BTB entry: 1008;1;6
BTB entry: 1009;1;5
BTB entry: 1010;1;162
BTB entry: 1011;1;7110065
BTB entry: 1012;1;4
BTB entry: 1013;1;10050644
BTB entry: 1014;1;232
BTB entry: 1015;1;7
BTB entry: 1016;1;70164
BTB entry: 1017;1;1
BTB entry: 1018;1;64
BTB entry: 1019;1;6
BTB entry: 1020;1;6
BTB entry: 1021;1;5
BTB entry: 1022;1;87
BTB entry: 1023;1;2
